<?xml version="1.0" encoding="UTF-8"?>
<!-- Generated by org.testng.reporters.JUnitXMLReporter -->
<testsuite ignored="0" hostname="DESKTOP-T93JTV2" failures="0" tests="3" name="Test" time="0.053" errors="0" timestamp="2024-07-05T18:28:14 IST">
  <testcase classname="testbase.Baseclass" name="@BeforeMethod beforeMethod" time="-1.720184294532E9">
    <failure type="org.testng.TestNGException" message="
Parameter &amp;apos;browser&amp;apos; is required by BeforeMethod on method beforeMethod but has not been marked @Optional or defined
in E:\abc\com.amazon\testng.xml">
      <![CDATA[org.testng.TestNGException: 
Parameter 'browser' is required by BeforeMethod on method beforeMethod but has not been marked @Optional or defined
in E:\abc\com.amazon\testng.xml
at java.base/java.util.ArrayList.forEach(ArrayList.java:1511)
... Removed 28 stack frames]]>
    </failure>
  </testcase> <!-- @BeforeMethod beforeMethod -->
  <testcase classname="testbase.Baseclass" name="@AfterMethod afterMethod" time="-1.720184294544E9">
    <skipped/>
  </testcase> <!-- @AfterMethod afterMethod -->
  <testcase classname="testbase.Baseclass" name="@BeforeMethod beforeMethod" time="-1.720184294546E9">
    <skipped/>
  </testcase> <!-- @BeforeMethod beforeMethod -->
  <testcase classname="testbase.Baseclass" name="@AfterMethod afterMethod" time="-1.720184294552E9">
    <skipped/>
  </testcase> <!-- @AfterMethod afterMethod -->
  <testcase classname="testbase.Baseclass" name="@BeforeMethod beforeMethod" time="-1.720184294553E9">
    <skipped/>
  </testcase> <!-- @BeforeMethod beforeMethod -->
  <testcase classname="testbase.Baseclass" name="@AfterMethod afterMethod" time="-1.720184294556E9">
    <skipped/>
  </testcase> <!-- @AfterMethod afterMethod -->
  <testcase classname="fpackage.LoginPage" name="Blank_Text_Field_should_Not_Accept" time="0.0">
    <skipped/>
  </testcase> <!-- Blank_Text_Field_should_Not_Accept -->
  <testcase classname="fpackage.LoginPage" name="User_should_Not_be_Enter_In_dashboard" time="0.0">
    <skipped/>
  </testcase> <!-- User_should_Not_be_Enter_In_dashboard -->
  <testcase classname="fpackage.LoginPage" name="User_should_be_Enter_In_dashboard" time="0.0">
    <skipped/>
  </testcase> <!-- User_should_be_Enter_In_dashboard -->
</testsuite> <!-- Test -->
